<?xml version="1.0" encoding="UTF-8"?>
<!-- Generated by org.testng.reporters.JUnitXMLReporter -->
<testsuite hostname="DDC2-LX-52412K9" name="Test" tests="2" failures="0" timestamp="28 Feb 2018 04:21:00 GMT" time="12.537" errors="0">
  <testcase name="@BeforeTest beforeTest" time="0.0" classname="com.selenium.demo.Register">
    <failure type="org.testng.TestNGException" message="
Parameter &amp;apos;browser&amp;apos; is required by @Configuration on method beforeTest but has not been marked @Optional or defined
in C:\Users\akshay.z.sharma\eclipse-workspaceSelenium3.0\Selenium3.0\testng.xml">
      <![CDATA[org.testng.TestNGException: 
Parameter 'browser' is required by @Configuration on method beforeTest but has not been marked @Optional or defined
in C:\Users\akshay.z.sharma\eclipse-workspaceSelenium3.0\Selenium3.0\testng.xml
... Removed 19 stack frames]]>
    </failure>
  </testcase> <!-- @BeforeTest beforeTest -->
  <testcase name="@AfterTest afterTest" time="0.0" classname="com.selenium.demo.Register">
    <skipped/>
  </testcase> <!-- @AfterTest afterTest -->
  <testcase name="@AfterTest afterTest" time="0.0" classname="com.selenium.demo.Register">
    <skipped/>
  </testcase> <!-- @AfterTest afterTest -->
  <testcase name="f" time="0.007" classname="com.testng.demo.Register">
    <skipped/>
  </testcase> <!-- f -->
  <testcase name="f" time="0.01" classname="com.selenium.demo.Register">
    <skipped/>
  </testcase> <!-- f -->
</testsuite> <!-- Test -->
